# JRE version: Java(TM) SE Runtime Environment (7.0_45-b18) (build 1.7.0_45-b18)
# Java VM: Java HotSpot(TM) 64-Bit Server VM (24.45-b08 mixed mode windows-amd64 compressed oops)
Heap
 PSYoungGen      total 240640K, used 102879K [0x00000000f0000000, 0x0000000100000000, 0x0000000100000000)
  eden space 218624K, 45% used [0x00000000f0000000,0x00000000f61c69d0,0x00000000fd580000)
  from space 22016K, 12% used [0x00000000fea80000,0x00000000fed31258,0x0000000100000000)
  to   space 21504K, 0% used [0x00000000fd580000,0x00000000fd580000,0x00000000fea80000)
 ParOldGen       total 524288K, used 306827K [0x00000000d0000000, 0x00000000f0000000, 0x00000000f0000000)
  object space 524288K, 58% used [0x00000000d0000000,0x00000000e2ba2de0,0x00000000f0000000)
 PSPermGen       total 262144K, used 136582K [0x00000000c0000000, 0x00000000d0000000, 0x00000000d0000000)
  object space 262144K, 52% used [0x00000000c0000000,0x00000000c8561990,0x00000000d0000000)
GC Heap History (10 events):
Event: 43.880 GC heap before
{Heap before GC invocations=46 (full 0):
 PSYoungGen      total 243200K, used 230553K [0x00000000f0000000, 0x0000000100000000, 0x0000000100000000)
  eden space 224256K, 98% used [0x00000000f0000000,0x00000000fd89ba20,0x00000000fdb00000)
  from space 18944K, 46% used [0x00000000fdb00000,0x00000000fe38ab00,0x00000000fed80000)
  to   space 18432K, 0% used [0x00000000fee00000,0x00000000fee00000,0x0000000100000000)
 ParOldGen       total 524288K, used 267352K [0x00000000d0000000, 0x00000000f0000000, 0x00000000f0000000)
  object space 524288K, 50% used [0x00000000d0000000,0x00000000e0516188,0x00000000f0000000)
 PSPermGen       total 262144K, used 130135K [0x00000000c0000000, 0x00000000d0000000, 0x00000000d0000000)
  object space 262144K, 49% used [0x00000000c0000000,0x00000000c7f15c10,0x00000000d0000000)
Event: 43.905 GC heap after
Heap after GC invocations=46 (full 0):
 PSYoungGen      total 244736K, used 7390K [0x00000000f0000000, 0x0000000100000000, 0x0000000100000000)
  eden space 226304K, 0% used [0x00000000f0000000,0x00000000f0000000,0x00000000fdd00000)
  from space 18432K, 40% used [0x00000000fee00000,0x00000000ff537910,0x0000000100000000)
  to   space 17408K, 0% used [0x00000000fdd00000,0x00000000fdd00000,0x00000000fee00000)
 ParOldGen       total 524288K, used 274971K [0x00000000d0000000, 0x00000000f0000000, 0x00000000f0000000)
  object space 524288K, 52% used [0x00000000d0000000,0x00000000e0c86d88,0x00000000f0000000)
 PSPermGen       total 262144K, used 130135K [0x00000000c0000000, 0x00000000d0000000, 0x00000000d0000000)
  object space 262144K, 49% used [0x00000000c0000000,0x00000000c7f15c10,0x00000000d0000000)
}
Event: 44.999 GC heap before
{Heap before GC invocations=47 (full 0):
 PSYoungGen      total 244736K, used 233694K [0x00000000f0000000, 0x0000000100000000, 0x0000000100000000)
  eden space 226304K, 100% used [0x00000000f0000000,0x00000000fdd00000,0x00000000fdd00000)
  from space 18432K, 40% used [0x00000000fee00000,0x00000000ff537910,0x0000000100000000)
  to   space 17408K, 0% used [0x00000000fdd00000,0x00000000fdd00000,0x00000000fee00000)
 ParOldGen       total 524288K, used 274971K [0x00000000d0000000, 0x00000000f0000000, 0x00000000f0000000)
  object space 524288K, 52% used [0x00000000d0000000,0x00000000e0c86d88,0x00000000f0000000)
 PSPermGen       total 262144K, used 131862K [0x00000000c0000000, 0x00000000d0000000, 0x00000000d0000000)
  object space 262144K, 50% used [0x00000000c0000000,0x00000000c80c58c0,0x00000000d0000000)
Event: 45.036 GC heap after
Heap after GC invocations=47 (full 0):
 PSYoungGen      total 243712K, used 17396K [0x00000000f0000000, 0x0000000100000000, 0x0000000100000000)
  eden space 226304K, 0% used [0x00000000f0000000,0x00000000f0000000,0x00000000fdd00000)
  from space 17408K, 99% used [0x00000000fdd00000,0x00000000fedfd178,0x00000000fee00000)
  to   space 18432K, 0% used [0x00000000fee00000,0x00000000fee00000,0x0000000100000000)
 ParOldGen       total 524288K, used 282997K [0x00000000d0000000, 0x00000000f0000000, 0x00000000f0000000)
  object space 524288K, 53% used [0x00000000d0000000,0x00000000e145d748,0x00000000f0000000)
 PSPermGen       total 262144K, used 131862K [0x00000000c0000000, 0x00000000d0000000, 0x00000000d0000000)
  object space 262144K, 50% used [0x00000000c0000000,0x00000000c80c58c0,0x00000000d0000000)
}
Event: 46.019 GC heap before
{Heap before GC invocations=48 (full 0):
 PSYoungGen      total 243712K, used 237749K [0x00000000f0000000, 0x0000000100000000, 0x0000000100000000)
  eden space 226304K, 97% used [0x00000000f0000000,0x00000000fd730440,0x00000000fdd00000)
  from space 17408K, 99% used [0x00000000fdd00000,0x00000000fedfd178,0x00000000fee00000)
  to   space 18432K, 0% used [0x00000000fee00000,0x00000000fee00000,0x0000000100000000)
 ParOldGen       total 524288K, used 282997K [0x00000000d0000000, 0x00000000f0000000, 0x00000000f0000000)
  object space 524288K, 53% used [0x00000000d0000000,0x00000000e145d748,0x00000000f0000000)
 PSPermGen       total 262144K, used 133863K [0x00000000c0000000, 0x00000000d0000000, 0x00000000d0000000)
  object space 262144K, 51% used [0x00000000c0000000,0x00000000c82b9d50,0x00000000d0000000)
Event: 46.057 GC heap after
Heap after GC invocations=48 (full 0):
 PSYoungGen      total 235520K, used 4032K [0x00000000f0000000, 0x0000000100000000, 0x0000000100000000)
  eden space 217088K, 0% used [0x00000000f0000000,0x00000000f0000000,0x00000000fd400000)
  from space 18432K, 21% used [0x00000000fee00000,0x00000000ff1f0178,0x0000000100000000)
  to   space 22528K, 0% used [0x00000000fd400000,0x00000000fd400000,0x00000000fea00000)
 ParOldGen       total 524288K, used 300349K [0x00000000d0000000, 0x00000000f0000000, 0x00000000f0000000)
  object space 524288K, 57% used [0x00000000d0000000,0x00000000e254f620,0x00000000f0000000)
 PSPermGen       total 262144K, used 133863K [0x00000000c0000000, 0x00000000d0000000, 0x00000000d0000000)
  object space 262144K, 51% used [0x00000000c0000000,0x00000000c82b9d50,0x00000000d0000000)
}
Event: 46.836 GC heap before
{Heap before GC invocations=49 (full 0):
 PSYoungGen      total 235520K, used 221120K [0x00000000f0000000, 0x0000000100000000, 0x0000000100000000)
  eden space 217088K, 100% used [0x00000000f0000000,0x00000000fd400000,0x00000000fd400000)
  from space 18432K, 21% used [0x00000000fee00000,0x00000000ff1f0178,0x0000000100000000)
  to   space 22528K, 0% used [0x00000000fd400000,0x00000000fd400000,0x00000000fea00000)
 ParOldGen       total 524288K, used 300349K [0x00000000d0000000, 0x00000000f0000000, 0x00000000f0000000)
  object space 524288K, 57% used [0x00000000d0000000,0x00000000e254f620,0x00000000f0000000)
 PSPermGen       total 262144K, used 135431K [0x00000000c0000000, 0x00000000d0000000, 0x00000000d0000000)
  object space 262144K, 51% used [0x00000000c0000000,0x00000000c8441c38,0x00000000d0000000)
Event: 46.850 GC heap after
Heap after GC invocations=49 (full 0):
 PSYoungGen      total 239616K, used 4561K [0x00000000f0000000, 0x0000000100000000, 0x0000000100000000)
  eden space 217088K, 0% used [0x00000000f0000000,0x00000000f0000000,0x00000000fd400000)
  from space 22528K, 20% used [0x00000000fd400000,0x00000000fd874568,0x00000000fea00000)
  to   space 22016K, 0% used [0x00000000fea80000,0x00000000fea80000,0x0000000100000000)
 ParOldGen       total 524288K, used 302862K [0x00000000d0000000, 0x00000000f0000000, 0x00000000f0000000)
  object space 524288K, 57% used [0x00000000d0000000,0x00000000e27c3960,0x00000000f0000000)
 PSPermGen       total 262144K, used 135431K [0x00000000c0000000, 0x00000000d0000000, 0x00000000d0000000)
  object space 262144K, 51% used [0x00000000c0000000,0x00000000c8441c38,0x00000000d0000000)
}
Event: 47.855 GC heap before
{Heap before GC invocations=50 (full 0):
 PSYoungGen      total 239616K, used 221649K [0x00000000f0000000, 0x0000000100000000, 0x0000000100000000)
  eden space 217088K, 100% used [0x00000000f0000000,0x00000000fd400000,0x00000000fd400000)
  from space 22528K, 20% used [0x00000000fd400000,0x00000000fd874568,0x00000000fea00000)
  to   space 22016K, 0% used [0x00000000fea80000,0x00000000fea80000,0x0000000100000000)
 ParOldGen       total 524288K, used 302862K [0x00000000d0000000, 0x00000000f0000000, 0x00000000f0000000)
  object space 524288K, 57% used [0x00000000d0000000,0x00000000e27c3960,0x00000000f0000000)
 PSPermGen       total 262144K, used 136245K [0x00000000c0000000, 0x00000000d0000000, 0x00000000d0000000)
  object space 262144K, 51% used [0x00000000c0000000,0x00000000c850d5c8,0x00000000d0000000)
Event: 47.868 GC heap after
Heap after GC invocations=50 (full 0):
 PSYoungGen      total 240640K, used 2756K [0x00000000f0000000, 0x0000000100000000, 0x0000000100000000)
  eden space 218624K, 0% used [0x00000000f0000000,0x00000000f0000000,0x00000000fd580000)
  from space 22016K, 12% used [0x00000000fea80000,0x00000000fed31258,0x0000000100000000)
  to   space 21504K, 0% used [0x00000000fd580000,0x00000000fd580000,0x00000000fea80000)
 ParOldGen       total 524288K, used 306827K [0x00000000d0000000, 0x00000000f0000000, 0x00000000f0000000)
  object space 524288K, 58% used [0x00000000d0000000,0x00000000e2ba2de0,0x00000000f0000000)
 PSPermGen       total 262144K, used 136245K [0x00000000c0000000, 0x00000000d0000000, 0x00000000d0000000)
  object space 262144K, 51% used [0x00000000c0000000,0x00000000c850d5c8,0x00000000d0000000)
}

