# JRE version: Java(TM) SE Runtime Environment (7.0_45-b18) (build 1.7.0_45-b18)
# Java VM: Java HotSpot(TM) 64-Bit Server VM (24.45-b08 mixed mode windows-amd64 compressed oops)
Heap
 PSYoungGen      total 245760K, used 7950K [0x00000000f0000000, 0x0000000100000000, 0x0000000100000000)
  eden space 228864K, 2% used [0x00000000f0000000,0x00000000f069d8c0,0x00000000fdf80000)
  from space 16896K, 6% used [0x00000000fef80000,0x00000000ff0a6018,0x0000000100000000)
  to   space 16384K, 0% used [0x00000000fdf80000,0x00000000fdf80000,0x00000000fef80000)
 ParOldGen       total 524288K, used 326955K [0x00000000d0000000, 0x00000000f0000000, 0x00000000f0000000)
  object space 524288K, 62% used [0x00000000d0000000,0x00000000e3f4aec8,0x00000000f0000000)
 PSPermGen       total 262144K, used 140718K [0x00000000c0000000, 0x00000000d0000000, 0x00000000d0000000)
  object space 262144K, 53% used [0x00000000c0000000,0x00000000c896ba80,0x00000000d0000000)
GC Heap History (10 events):
Event: 88.145 GC heap before
{Heap before GC invocations=54 (full 0):
 PSYoungGen      total 241152K, used 213629K [0x00000000f0000000, 0x0000000100000000, 0x0000000100000000)
  eden space 220672K, 95% used [0x00000000f0000000,0x00000000fce10220,0x00000000fd780000)
  from space 20480K, 12% used [0x00000000fd780000,0x00000000fda0f548,0x00000000feb80000)
  to   space 19968K, 0% used [0x00000000fec80000,0x00000000fec80000,0x0000000100000000)
 ParOldGen       total 524288K, used 314642K [0x00000000d0000000, 0x00000000f0000000, 0x00000000f0000000)
  object space 524288K, 60% used [0x00000000d0000000,0x00000000e3344b98,0x00000000f0000000)
 PSPermGen       total 262144K, used 138883K [0x00000000c0000000, 0x00000000d0000000, 0x00000000d0000000)
  object space 262144K, 52% used [0x00000000c0000000,0x00000000c87a0e30,0x00000000d0000000)
Event: 88.176 GC heap after
Heap after GC invocations=54 (full 0):
 PSYoungGen      total 243200K, used 3160K [0x00000000f0000000, 0x0000000100000000, 0x0000000100000000)
  eden space 223232K, 0% used [0x00000000f0000000,0x00000000f0000000,0x00000000fda00000)
  from space 19968K, 15% used [0x00000000fec80000,0x00000000fef962d0,0x0000000100000000)
  to   space 18944K, 0% used [0x00000000fda00000,0x00000000fda00000,0x00000000fec80000)
 ParOldGen       total 524288K, used 316721K [0x00000000d0000000, 0x00000000f0000000, 0x00000000f0000000)
  object space 524288K, 60% used [0x00000000d0000000,0x00000000e354c7a8,0x00000000f0000000)
 PSPermGen       total 262144K, used 138883K [0x00000000c0000000, 0x00000000d0000000, 0x00000000d0000000)
  object space 262144K, 52% used [0x00000000c0000000,0x00000000c87a0e30,0x00000000d0000000)
}
Event: 93.939 GC heap before
{Heap before GC invocations=55 (full 0):
 PSYoungGen      total 243200K, used 226392K [0x00000000f0000000, 0x0000000100000000, 0x0000000100000000)
  eden space 223232K, 100% used [0x00000000f0000000,0x00000000fda00000,0x00000000fda00000)
  from space 19968K, 15% used [0x00000000fec80000,0x00000000fef962d0,0x0000000100000000)
  to   space 18944K, 0% used [0x00000000fda00000,0x00000000fda00000,0x00000000fec80000)
 ParOldGen       total 524288K, used 316721K [0x00000000d0000000, 0x00000000f0000000, 0x00000000f0000000)
  object space 524288K, 60% used [0x00000000d0000000,0x00000000e354c7a8,0x00000000f0000000)
 PSPermGen       total 262144K, used 139584K [0x00000000c0000000, 0x00000000d0000000, 0x00000000d0000000)
  object space 262144K, 53% used [0x00000000c0000000,0x00000000c8850100,0x00000000d0000000)
Event: 94.026 GC heap after
Heap after GC invocations=55 (full 0):
 PSYoungGen      total 242176K, used 4265K [0x00000000f0000000, 0x0000000100000000, 0x0000000100000000)
  eden space 223232K, 0% used [0x00000000f0000000,0x00000000f0000000,0x00000000fda00000)
  from space 18944K, 22% used [0x00000000fda00000,0x00000000fde2a588,0x00000000fec80000)
  to   space 17920K, 0% used [0x00000000fee80000,0x00000000fee80000,0x0000000100000000)
 ParOldGen       total 524288K, used 319755K [0x00000000d0000000, 0x00000000f0000000, 0x00000000f0000000)
  object space 524288K, 60% used [0x00000000d0000000,0x00000000e3842d48,0x00000000f0000000)
 PSPermGen       total 262144K, used 139584K [0x00000000c0000000, 0x00000000d0000000, 0x00000000d0000000)
  object space 262144K, 53% used [0x00000000c0000000,0x00000000c8850100,0x00000000d0000000)
}
Event: 102.962 GC heap before
{Heap before GC invocations=56 (full 0):
 PSYoungGen      total 242176K, used 227178K [0x00000000f0000000, 0x0000000100000000, 0x0000000100000000)
  eden space 223232K, 99% used [0x00000000f0000000,0x00000000fd9b0440,0x00000000fda00000)
  from space 18944K, 22% used [0x00000000fda00000,0x00000000fde2a588,0x00000000fec80000)
  to   space 17920K, 0% used [0x00000000fee80000,0x00000000fee80000,0x0000000100000000)
 ParOldGen       total 524288K, used 319755K [0x00000000d0000000, 0x00000000f0000000, 0x00000000f0000000)
  object space 524288K, 60% used [0x00000000d0000000,0x00000000e3842d48,0x00000000f0000000)
 PSPermGen       total 262144K, used 140001K [0x00000000c0000000, 0x00000000d0000000, 0x00000000d0000000)
  object space 262144K, 53% used [0x00000000c0000000,0x00000000c88b8530,0x00000000d0000000)
Event: 102.976 GC heap after
Heap after GC invocations=56 (full 0):
 PSYoungGen      total 244736K, used 2521K [0x00000000f0000000, 0x0000000100000000, 0x0000000100000000)
  eden space 226816K, 0% used [0x00000000f0000000,0x00000000f0000000,0x00000000fdd80000)
  from space 17920K, 14% used [0x00000000fee80000,0x00000000ff0f6700,0x0000000100000000)
  to   space 17408K, 0% used [0x00000000fdd80000,0x00000000fdd80000,0x00000000fee80000)
 ParOldGen       total 524288K, used 323645K [0x00000000d0000000, 0x00000000f0000000, 0x00000000f0000000)
  object space 524288K, 61% used [0x00000000d0000000,0x00000000e3c0f438,0x00000000f0000000)
 PSPermGen       total 262144K, used 140001K [0x00000000c0000000, 0x00000000d0000000, 0x00000000d0000000)
  object space 262144K, 53% used [0x00000000c0000000,0x00000000c88b8530,0x00000000d0000000)
}
Event: 122.955 GC heap before
{Heap before GC invocations=57 (full 0):
 PSYoungGen      total 244736K, used 229337K [0x00000000f0000000, 0x0000000100000000, 0x0000000100000000)
  eden space 226816K, 100% used [0x00000000f0000000,0x00000000fdd80000,0x00000000fdd80000)
  from space 17920K, 14% used [0x00000000fee80000,0x00000000ff0f6700,0x0000000100000000)
  to   space 17408K, 0% used [0x00000000fdd80000,0x00000000fdd80000,0x00000000fee80000)
 ParOldGen       total 524288K, used 323645K [0x00000000d0000000, 0x00000000f0000000, 0x00000000f0000000)
  object space 524288K, 61% used [0x00000000d0000000,0x00000000e3c0f438,0x00000000f0000000)
 PSPermGen       total 262144K, used 140326K [0x00000000c0000000, 0x00000000d0000000, 0x00000000d0000000)
  object space 262144K, 53% used [0x00000000c0000000,0x00000000c8909b50,0x00000000d0000000)
Event: 122.967 GC heap after
Heap after GC invocations=57 (full 0):
 PSYoungGen      total 244224K, used 1337K [0x00000000f0000000, 0x0000000100000000, 0x0000000100000000)
  eden space 226816K, 0% used [0x00000000f0000000,0x00000000f0000000,0x00000000fdd80000)
  from space 17408K, 7% used [0x00000000fdd80000,0x00000000fdece738,0x00000000fee80000)
  to   space 16896K, 0% used [0x00000000fef80000,0x00000000fef80000,0x0000000100000000)
 ParOldGen       total 524288K, used 325909K [0x00000000d0000000, 0x00000000f0000000, 0x00000000f0000000)
  object space 524288K, 62% used [0x00000000d0000000,0x00000000e3e457e8,0x00000000f0000000)
 PSPermGen       total 262144K, used 140326K [0x00000000c0000000, 0x00000000d0000000, 0x00000000d0000000)
  object space 262144K, 53% used [0x00000000c0000000,0x00000000c8909b50,0x00000000d0000000)
}
Event: 163.333 GC heap before
{Heap before GC invocations=58 (full 0):
 PSYoungGen      total 244224K, used 228153K [0x00000000f0000000, 0x0000000100000000, 0x0000000100000000)
  eden space 226816K, 100% used [0x00000000f0000000,0x00000000fdd80000,0x00000000fdd80000)
  from space 17408K, 7% used [0x00000000fdd80000,0x00000000fdece738,0x00000000fee80000)
  to   space 16896K, 0% used [0x00000000fef80000,0x00000000fef80000,0x0000000100000000)
 ParOldGen       total 524288K, used 325909K [0x00000000d0000000, 0x00000000f0000000, 0x00000000f0000000)
  object space 524288K, 62% used [0x00000000d0000000,0x00000000e3e457e8,0x00000000f0000000)
 PSPermGen       total 262144K, used 140700K [0x00000000c0000000, 0x00000000d0000000, 0x00000000d0000000)
  object space 262144K, 53% used [0x00000000c0000000,0x00000000c89671f8,0x00000000d0000000)
Event: 163.352 GC heap after
Heap after GC invocations=58 (full 0):
 PSYoungGen      total 245760K, used 1176K [0x00000000f0000000, 0x0000000100000000, 0x0000000100000000)
  eden space 228864K, 0% used [0x00000000f0000000,0x00000000f0000000,0x00000000fdf80000)
  from space 16896K, 6% used [0x00000000fef80000,0x00000000ff0a6018,0x0000000100000000)
  to   space 16384K, 0% used [0x00000000fdf80000,0x00000000fdf80000,0x00000000fef80000)
 ParOldGen       total 524288K, used 326955K [0x00000000d0000000, 0x00000000f0000000, 0x00000000f0000000)
  object space 524288K, 62% used [0x00000000d0000000,0x00000000e3f4aec8,0x00000000f0000000)
 PSPermGen       total 262144K, used 140700K [0x00000000c0000000, 0x00000000d0000000, 0x00000000d0000000)
  object space 262144K, 53% used [0x00000000c0000000,0x00000000c89671f8,0x00000000d0000000)
}

