# JRE version: Java(TM) SE Runtime Environment (7.0_45-b18) (build 1.7.0_45-b18)
# Java VM: Java HotSpot(TM) 64-Bit Server VM (24.45-b08 mixed mode windows-amd64 compressed oops)
Heap
 PSYoungGen      total 243200K, used 128581K [0x00000000f0000000, 0x0000000100000000, 0x0000000100000000)
  eden space 225280K, 53% used [0x00000000f0000000,0x00000000f74cd990,0x00000000fdc00000)
  from space 17920K, 50% used [0x00000000fdc00000,0x00000000fe4c3b38,0x00000000fed80000)
  to   space 17408K, 0% used [0x00000000fef00000,0x00000000fef00000,0x0000000100000000)
 ParOldGen       total 524288K, used 353810K [0x00000000d0000000, 0x00000000f0000000, 0x00000000f0000000)
  object space 524288K, 67% used [0x00000000d0000000,0x00000000e5984bd8,0x00000000f0000000)
 PSPermGen       total 262144K, used 149442K [0x00000000c0000000, 0x00000000d0000000, 0x00000000d0000000)
  object space 262144K, 57% used [0x00000000c0000000,0x00000000c91f0aa8,0x00000000d0000000)
GC Heap History (10 events):
Event: 422.365 GC heap before
{Heap before GC invocations=59 (full 0):
 PSYoungGen      total 245760K, used 235809K [0x00000000f0000000, 0x0000000100000000, 0x0000000100000000)
  eden space 228864K, 100% used [0x00000000f0000000,0x00000000fdf80000,0x00000000fdf80000)
  from space 16896K, 41% used [0x00000000fef80000,0x00000000ff648640,0x0000000100000000)
  to   space 16384K, 0% used [0x00000000fdf80000,0x00000000fdf80000,0x00000000fef80000)
 ParOldGen       total 524288K, used 327650K [0x00000000d0000000, 0x00000000f0000000, 0x00000000f0000000)
  object space 524288K, 62% used [0x00000000d0000000,0x00000000e3ff8930,0x00000000f0000000)
 PSPermGen       total 262144K, used 143336K [0x00000000c0000000, 0x00000000d0000000, 0x00000000d0000000)
  object space 262144K, 54% used [0x00000000c0000000,0x00000000c8bfa248,0x00000000d0000000)
Event: 422.387 GC heap after
Heap after GC invocations=59 (full 0):
 PSYoungGen      total 243200K, used 14119K [0x00000000f0000000, 0x0000000100000000, 0x0000000100000000)
  eden space 228864K, 0% used [0x00000000f0000000,0x00000000f0000000,0x00000000fdf80000)
  from space 14336K, 98% used [0x00000000fdf80000,0x00000000fed49d08,0x00000000fed80000)
  to   space 18432K, 0% used [0x00000000fee00000,0x00000000fee00000,0x0000000100000000)
 ParOldGen       total 524288K, used 332431K [0x00000000d0000000, 0x00000000f0000000, 0x00000000f0000000)
  object space 524288K, 63% used [0x00000000d0000000,0x00000000e44a3fa8,0x00000000f0000000)
 PSPermGen       total 262144K, used 143336K [0x00000000c0000000, 0x00000000d0000000, 0x00000000d0000000)
  object space 262144K, 54% used [0x00000000c0000000,0x00000000c8bfa248,0x00000000d0000000)
}
Event: 635.265 GC heap before
{Heap before GC invocations=60 (full 0):
 PSYoungGen      total 243200K, used 237343K [0x00000000f0000000, 0x0000000100000000, 0x0000000100000000)
  eden space 228864K, 97% used [0x00000000f0000000,0x00000000fd9fdf00,0x00000000fdf80000)
  from space 14336K, 98% used [0x00000000fdf80000,0x00000000fed49d08,0x00000000fed80000)
  to   space 18432K, 0% used [0x00000000fee00000,0x00000000fee00000,0x0000000100000000)
 ParOldGen       total 524288K, used 332431K [0x00000000d0000000, 0x00000000f0000000, 0x00000000f0000000)
  object space 524288K, 63% used [0x00000000d0000000,0x00000000e44a3fa8,0x00000000f0000000)
 PSPermGen       total 262144K, used 143594K [0x00000000c0000000, 0x00000000d0000000, 0x00000000d0000000)
  object space 262144K, 54% used [0x00000000c0000000,0x00000000c8c3a930,0x00000000d0000000)
Event: 635.532 GC heap after
Heap after GC invocations=60 (full 0):
 PSYoungGen      total 243712K, used 8734K [0x00000000f0000000, 0x0000000100000000, 0x0000000100000000)
  eden space 225280K, 0% used [0x00000000f0000000,0x00000000f0000000,0x00000000fdc00000)
  from space 18432K, 47% used [0x00000000fee00000,0x00000000ff6878d0,0x0000000100000000)
  to   space 18432K, 0% used [0x00000000fdc00000,0x00000000fdc00000,0x00000000fee00000)
 ParOldGen       total 524288K, used 340670K [0x00000000d0000000, 0x00000000f0000000, 0x00000000f0000000)
  object space 524288K, 64% used [0x00000000d0000000,0x00000000e4caf880,0x00000000f0000000)
 PSPermGen       total 262144K, used 143594K [0x00000000c0000000, 0x00000000d0000000, 0x00000000d0000000)
  object space 262144K, 54% used [0x00000000c0000000,0x00000000c8c3a930,0x00000000d0000000)
}
Event: 642.359 GC heap before
{Heap before GC invocations=61 (full 0):
 PSYoungGen      total 243712K, used 234014K [0x00000000f0000000, 0x0000000100000000, 0x0000000100000000)
  eden space 225280K, 100% used [0x00000000f0000000,0x00000000fdc00000,0x00000000fdc00000)
  from space 18432K, 47% used [0x00000000fee00000,0x00000000ff6878d0,0x0000000100000000)
  to   space 18432K, 0% used [0x00000000fdc00000,0x00000000fdc00000,0x00000000fee00000)
 ParOldGen       total 524288K, used 340670K [0x00000000d0000000, 0x00000000f0000000, 0x00000000f0000000)
  object space 524288K, 64% used [0x00000000d0000000,0x00000000e4caf880,0x00000000f0000000)
 PSPermGen       total 262144K, used 146079K [0x00000000c0000000, 0x00000000d0000000, 0x00000000d0000000)
  object space 262144K, 55% used [0x00000000c0000000,0x00000000c8ea7d00,0x00000000d0000000)
Event: 642.404 GC heap after
Heap after GC invocations=61 (full 0):
 PSYoungGen      total 236544K, used 10947K [0x00000000f0000000, 0x0000000100000000, 0x0000000100000000)
  eden space 225280K, 0% used [0x00000000f0000000,0x00000000f0000000,0x00000000fdc00000)
  from space 11264K, 97% used [0x00000000fdc00000,0x00000000fe6b0dc8,0x00000000fe700000)
  to   space 18944K, 0% used [0x00000000fed80000,0x00000000fed80000,0x0000000100000000)
 ParOldGen       total 524288K, used 343809K [0x00000000d0000000, 0x00000000f0000000, 0x00000000f0000000)
  object space 524288K, 65% used [0x00000000d0000000,0x00000000e4fc0578,0x00000000f0000000)
 PSPermGen       total 262144K, used 146079K [0x00000000c0000000, 0x00000000d0000000, 0x00000000d0000000)
  object space 262144K, 55% used [0x00000000c0000000,0x00000000c8ea7d00,0x00000000d0000000)
}
Event: 675.726 GC heap before
{Heap before GC invocations=62 (full 0):
 PSYoungGen      total 236544K, used 236227K [0x00000000f0000000, 0x0000000100000000, 0x0000000100000000)
  eden space 225280K, 100% used [0x00000000f0000000,0x00000000fdc00000,0x00000000fdc00000)
  from space 11264K, 97% used [0x00000000fdc00000,0x00000000fe6b0dc8,0x00000000fe700000)
  to   space 18944K, 0% used [0x00000000fed80000,0x00000000fed80000,0x0000000100000000)
 ParOldGen       total 524288K, used 343809K [0x00000000d0000000, 0x00000000f0000000, 0x00000000f0000000)
  object space 524288K, 65% used [0x00000000d0000000,0x00000000e4fc0578,0x00000000f0000000)
 PSPermGen       total 262144K, used 146929K [0x00000000c0000000, 0x00000000d0000000, 0x00000000d0000000)
  object space 262144K, 56% used [0x00000000c0000000,0x00000000c8f7c778,0x00000000d0000000)
Event: 675.812 GC heap after
Heap after GC invocations=62 (full 0):
 PSYoungGen      total 244224K, used 8070K [0x00000000f0000000, 0x0000000100000000, 0x0000000100000000)
  eden space 225280K, 0% used [0x00000000f0000000,0x00000000f0000000,0x00000000fdc00000)
  from space 18944K, 42% used [0x00000000fed80000,0x00000000ff561b68,0x0000000100000000)
  to   space 17920K, 0% used [0x00000000fdc00000,0x00000000fdc00000,0x00000000fed80000)
 ParOldGen       total 524288K, used 351560K [0x00000000d0000000, 0x00000000f0000000, 0x00000000f0000000)
  object space 524288K, 67% used [0x00000000d0000000,0x00000000e5752288,0x00000000f0000000)
 PSPermGen       total 262144K, used 146929K [0x00000000c0000000, 0x00000000d0000000, 0x00000000d0000000)
  object space 262144K, 56% used [0x00000000c0000000,0x00000000c8f7c778,0x00000000d0000000)
}
Event: 692.669 GC heap before
{Heap before GC invocations=63 (full 0):
 PSYoungGen      total 244224K, used 233350K [0x00000000f0000000, 0x0000000100000000, 0x0000000100000000)
  eden space 225280K, 100% used [0x00000000f0000000,0x00000000fdc00000,0x00000000fdc00000)
  from space 18944K, 42% used [0x00000000fed80000,0x00000000ff561b68,0x0000000100000000)
  to   space 17920K, 0% used [0x00000000fdc00000,0x00000000fdc00000,0x00000000fed80000)
 ParOldGen       total 524288K, used 351560K [0x00000000d0000000, 0x00000000f0000000, 0x00000000f0000000)
  object space 524288K, 67% used [0x00000000d0000000,0x00000000e5752288,0x00000000f0000000)
 PSPermGen       total 262144K, used 147617K [0x00000000c0000000, 0x00000000d0000000, 0x00000000d0000000)
  object space 262144K, 56% used [0x00000000c0000000,0x00000000c90286b8,0x00000000d0000000)
Event: 692.685 GC heap after
Heap after GC invocations=63 (full 0):
 PSYoungGen      total 243200K, used 8974K [0x00000000f0000000, 0x0000000100000000, 0x0000000100000000)
  eden space 225280K, 0% used [0x00000000f0000000,0x00000000f0000000,0x00000000fdc00000)
  from space 17920K, 50% used [0x00000000fdc00000,0x00000000fe4c3b38,0x00000000fed80000)
  to   space 17408K, 0% used [0x00000000fef00000,0x00000000fef00000,0x0000000100000000)
 ParOldGen       total 524288K, used 353810K [0x00000000d0000000, 0x00000000f0000000, 0x00000000f0000000)
  object space 524288K, 67% used [0x00000000d0000000,0x00000000e5984bd8,0x00000000f0000000)
 PSPermGen       total 262144K, used 147617K [0x00000000c0000000, 0x00000000d0000000, 0x00000000d0000000)
  object space 262144K, 56% used [0x00000000c0000000,0x00000000c90286b8,0x00000000d0000000)
}

