# JRE version: Java(TM) SE Runtime Environment (7.0_45-b18) (build 1.7.0_45-b18)
# Java VM: Java HotSpot(TM) 64-Bit Server VM (24.45-b08 mixed mode windows-amd64 compressed oops)
Heap
 PSYoungGen      total 242176K, used 35019K [0x00000000f0000000, 0x0000000100000000, 0x0000000100000000)
  eden space 222720K, 14% used [0x00000000f0000000,0x00000000f1f268d0,0x00000000fd980000)
  from space 19456K, 16% used [0x00000000fd980000,0x00000000fdc8c588,0x00000000fec80000)
  to   space 18944K, 0% used [0x00000000fed80000,0x00000000fed80000,0x0000000100000000)
 ParOldGen       total 524288K, used 307232K [0x00000000d0000000, 0x00000000f0000000, 0x00000000f0000000)
  object space 524288K, 58% used [0x00000000d0000000,0x00000000e2c08240,0x00000000f0000000)
 PSPermGen       total 262144K, used 136623K [0x00000000c0000000, 0x00000000d0000000, 0x00000000d0000000)
  object space 262144K, 52% used [0x00000000c0000000,0x00000000c856bfd8,0x00000000d0000000)
GC Heap History (10 events):
Event: 56.726 GC heap before
{Heap before GC invocations=47 (full 0):
 PSYoungGen      total 242176K, used 232949K [0x00000000f0000000, 0x0000000100000000, 0x0000000100000000)
  eden space 222208K, 100% used [0x00000000f0000000,0x00000000fd900000,0x00000000fd900000)
  from space 19968K, 53% used [0x00000000fec80000,0x00000000ff6fd768,0x0000000100000000)
  to   space 19968K, 0% used [0x00000000fd900000,0x00000000fd900000,0x00000000fec80000)
 ParOldGen       total 524288K, used 268738K [0x00000000d0000000, 0x00000000f0000000, 0x00000000f0000000)
  object space 524288K, 51% used [0x00000000d0000000,0x00000000e06709f0,0x00000000f0000000)
 PSPermGen       total 262144K, used 130312K [0x00000000c0000000, 0x00000000d0000000, 0x00000000d0000000)
  object space 262144K, 49% used [0x00000000c0000000,0x00000000c7f420a0,0x00000000d0000000)
Event: 56.764 GC heap after
Heap after GC invocations=47 (full 0):
 PSYoungGen      total 234496K, used 11845K [0x00000000f0000000, 0x0000000100000000, 0x0000000100000000)
  eden space 222208K, 0% used [0x00000000f0000000,0x00000000f0000000,0x00000000fd900000)
  from space 12288K, 96% used [0x00000000fd900000,0x00000000fe4914c8,0x00000000fe500000)
  to   space 20480K, 0% used [0x00000000fec00000,0x00000000fec00000,0x0000000100000000)
 ParOldGen       total 524288K, used 278701K [0x00000000d0000000, 0x00000000f0000000, 0x00000000f0000000)
  object space 524288K, 53% used [0x00000000d0000000,0x00000000e102b610,0x00000000f0000000)
 PSPermGen       total 262144K, used 130312K [0x00000000c0000000, 0x00000000d0000000, 0x00000000d0000000)
  object space 262144K, 49% used [0x00000000c0000000,0x00000000c7f420a0,0x00000000d0000000)
}
Event: 58.656 GC heap before
{Heap before GC invocations=48 (full 0):
 PSYoungGen      total 234496K, used 232270K [0x00000000f0000000, 0x0000000100000000, 0x0000000100000000)
  eden space 222208K, 99% used [0x00000000f0000000,0x00000000fd742350,0x00000000fd900000)
  from space 12288K, 96% used [0x00000000fd900000,0x00000000fe4914c8,0x00000000fe500000)
  to   space 20480K, 0% used [0x00000000fec00000,0x00000000fec00000,0x0000000100000000)
 ParOldGen       total 524288K, used 278701K [0x00000000d0000000, 0x00000000f0000000, 0x00000000f0000000)
  object space 524288K, 53% used [0x00000000d0000000,0x00000000e102b610,0x00000000f0000000)
 PSPermGen       total 262144K, used 132039K [0x00000000c0000000, 0x00000000d0000000, 0x00000000d0000000)
  object space 262144K, 50% used [0x00000000c0000000,0x00000000c80f1da0,0x00000000d0000000)
Event: 58.687 GC heap after
Heap after GC invocations=48 (full 0):
 PSYoungGen      total 241664K, used 11353K [0x00000000f0000000, 0x0000000100000000, 0x0000000100000000)
  eden space 221184K, 0% used [0x00000000f0000000,0x00000000f0000000,0x00000000fd800000)
  from space 20480K, 55% used [0x00000000fec00000,0x00000000ff716580,0x0000000100000000)
  to   space 20480K, 0% used [0x00000000fd800000,0x00000000fd800000,0x00000000fec00000)
 ParOldGen       total 524288K, used 290249K [0x00000000d0000000, 0x00000000f0000000, 0x00000000f0000000)
  object space 524288K, 55% used [0x00000000d0000000,0x00000000e1b72750,0x00000000f0000000)
 PSPermGen       total 262144K, used 132039K [0x00000000c0000000, 0x00000000d0000000, 0x00000000d0000000)
  object space 262144K, 50% used [0x00000000c0000000,0x00000000c80f1da0,0x00000000d0000000)
}
Event: 64.070 GC heap before
{Heap before GC invocations=49 (full 0):
 PSYoungGen      total 241664K, used 223840K [0x00000000f0000000, 0x0000000100000000, 0x0000000100000000)
  eden space 221184K, 96% used [0x00000000f0000000,0x00000000fcf81b08,0x00000000fd800000)
  from space 20480K, 55% used [0x00000000fec00000,0x00000000ff716580,0x0000000100000000)
  to   space 20480K, 0% used [0x00000000fd800000,0x00000000fd800000,0x00000000fec00000)
 ParOldGen       total 524288K, used 290249K [0x00000000d0000000, 0x00000000f0000000, 0x00000000f0000000)
  object space 524288K, 55% used [0x00000000d0000000,0x00000000e1b72750,0x00000000f0000000)
 PSPermGen       total 262144K, used 134159K [0x00000000c0000000, 0x00000000d0000000, 0x00000000d0000000)
  object space 262144K, 51% used [0x00000000c0000000,0x00000000c8303e80,0x00000000d0000000)
Event: 64.093 GC heap after
Heap after GC invocations=49 (full 0):
 PSYoungGen      total 241664K, used 4198K [0x00000000f0000000, 0x0000000100000000, 0x0000000100000000)
  eden space 221184K, 0% used [0x00000000f0000000,0x00000000f0000000,0x00000000fd800000)
  from space 20480K, 20% used [0x00000000fd800000,0x00000000fdc19bd0,0x00000000fec00000)
  to   space 19968K, 0% used [0x00000000fec80000,0x00000000fec80000,0x0000000100000000)
 ParOldGen       total 524288K, used 300786K [0x00000000d0000000, 0x00000000f0000000, 0x00000000f0000000)
  object space 524288K, 57% used [0x00000000d0000000,0x00000000e25bcbf0,0x00000000f0000000)
 PSPermGen       total 262144K, used 134159K [0x00000000c0000000, 0x00000000d0000000, 0x00000000d0000000)
  object space 262144K, 51% used [0x00000000c0000000,0x00000000c8303e80,0x00000000d0000000)
}
Event: 65.051 GC heap before
{Heap before GC invocations=50 (full 0):
 PSYoungGen      total 241664K, used 216940K [0x00000000f0000000, 0x0000000100000000, 0x0000000100000000)
  eden space 221184K, 96% used [0x00000000f0000000,0x00000000fcfc1470,0x00000000fd800000)
  from space 20480K, 20% used [0x00000000fd800000,0x00000000fdc19bd0,0x00000000fec00000)
  to   space 19968K, 0% used [0x00000000fec80000,0x00000000fec80000,0x0000000100000000)
 ParOldGen       total 524288K, used 300786K [0x00000000d0000000, 0x00000000f0000000, 0x00000000f0000000)
  object space 524288K, 57% used [0x00000000d0000000,0x00000000e25bcbf0,0x00000000f0000000)
 PSPermGen       total 262144K, used 135524K [0x00000000c0000000, 0x00000000d0000000, 0x00000000d0000000)
  object space 262144K, 51% used [0x00000000c0000000,0x00000000c84591c8,0x00000000d0000000)
Event: 65.083 GC heap after
Heap after GC invocations=50 (full 0):
 PSYoungGen      total 242688K, used 4283K [0x00000000f0000000, 0x0000000100000000, 0x0000000100000000)
  eden space 222720K, 0% used [0x00000000f0000000,0x00000000f0000000,0x00000000fd980000)
  from space 19968K, 21% used [0x00000000fec80000,0x00000000ff0aee10,0x0000000100000000)
  to   space 19456K, 0% used [0x00000000fd980000,0x00000000fd980000,0x00000000fec80000)
 ParOldGen       total 524288K, used 303416K [0x00000000d0000000, 0x00000000f0000000, 0x00000000f0000000)
  object space 524288K, 57% used [0x00000000d0000000,0x00000000e284e1c0,0x00000000f0000000)
 PSPermGen       total 262144K, used 135524K [0x00000000c0000000, 0x00000000d0000000, 0x00000000d0000000)
  object space 262144K, 51% used [0x00000000c0000000,0x00000000c84591c8,0x00000000d0000000)
}
Event: 66.841 GC heap before
{Heap before GC invocations=51 (full 0):
 PSYoungGen      total 242688K, used 227003K [0x00000000f0000000, 0x0000000100000000, 0x0000000100000000)
  eden space 222720K, 100% used [0x00000000f0000000,0x00000000fd980000,0x00000000fd980000)
  from space 19968K, 21% used [0x00000000fec80000,0x00000000ff0aee10,0x0000000100000000)
  to   space 19456K, 0% used [0x00000000fd980000,0x00000000fd980000,0x00000000fec80000)
 ParOldGen       total 524288K, used 303416K [0x00000000d0000000, 0x00000000f0000000, 0x00000000f0000000)
  object space 524288K, 57% used [0x00000000d0000000,0x00000000e284e1c0,0x00000000f0000000)
 PSPermGen       total 262144K, used 136530K [0x00000000c0000000, 0x00000000d0000000, 0x00000000d0000000)
  object space 262144K, 52% used [0x00000000c0000000,0x00000000c8554828,0x00000000d0000000)
Event: 66.854 GC heap after
Heap after GC invocations=51 (full 0):
 PSYoungGen      total 242176K, used 3121K [0x00000000f0000000, 0x0000000100000000, 0x0000000100000000)
  eden space 222720K, 0% used [0x00000000f0000000,0x00000000f0000000,0x00000000fd980000)
  from space 19456K, 16% used [0x00000000fd980000,0x00000000fdc8c588,0x00000000fec80000)
  to   space 18944K, 0% used [0x00000000fed80000,0x00000000fed80000,0x0000000100000000)
 ParOldGen       total 524288K, used 307232K [0x00000000d0000000, 0x00000000f0000000, 0x00000000f0000000)
  object space 524288K, 58% used [0x00000000d0000000,0x00000000e2c08240,0x00000000f0000000)
 PSPermGen       total 262144K, used 136530K [0x00000000c0000000, 0x00000000d0000000, 0x00000000d0000000)
  object space 262144K, 52% used [0x00000000c0000000,0x00000000c8554828,0x00000000d0000000)
}

