# JRE version: Java(TM) SE Runtime Environment (7.0_45-b18) (build 1.7.0_45-b18)
# Java VM: Java HotSpot(TM) 64-Bit Server VM (24.45-b08 mixed mode windows-amd64 compressed oops)
Heap
 PSYoungGen      total 244224K, used 119442K [0x00000000f0000000, 0x0000000100000000, 0x0000000100000000)
  eden space 226304K, 52% used [0x00000000f0000000,0x00000000f733e370,0x00000000fdd00000)
  from space 17920K, 8% used [0x00000000fee80000,0x00000000fefe67e0,0x0000000100000000)
  to   space 17920K, 0% used [0x00000000fdd00000,0x00000000fdd00000,0x00000000fee80000)
 ParOldGen       total 524288K, used 323420K [0x00000000d0000000, 0x00000000f0000000, 0x00000000f0000000)
  object space 524288K, 61% used [0x00000000d0000000,0x00000000e3bd71e0,0x00000000f0000000)
 PSPermGen       total 262144K, used 140084K [0x00000000c0000000, 0x00000000d0000000, 0x00000000d0000000)
  object space 262144K, 53% used [0x00000000c0000000,0x00000000c88cd220,0x00000000d0000000)
GC Heap History (10 events):
Event: 54.587 GC heap before
{Heap before GC invocations=52 (full 0):
 PSYoungGen      total 240128K, used 221955K [0x00000000f0000000, 0x0000000100000000, 0x0000000100000000)
  eden space 218624K, 99% used [0x00000000f0000000,0x00000000fd572120,0x00000000fd580000)
  from space 21504K, 15% used [0x00000000fd580000,0x00000000fd8cece0,0x00000000fea80000)
  to   space 20992K, 0% used [0x00000000feb80000,0x00000000feb80000,0x0000000100000000)
 ParOldGen       total 524288K, used 309338K [0x00000000d0000000, 0x00000000f0000000, 0x00000000f0000000)
  object space 524288K, 59% used [0x00000000d0000000,0x00000000e2e16a30,0x00000000f0000000)
 PSPermGen       total 262144K, used 137576K [0x00000000c0000000, 0x00000000d0000000, 0x00000000d0000000)
  object space 262144K, 52% used [0x00000000c0000000,0x00000000c865a348,0x00000000d0000000)
Event: 54.597 GC heap after
Heap after GC invocations=52 (full 0):
 PSYoungGen      total 241664K, used 2181K [0x00000000f0000000, 0x0000000100000000, 0x0000000100000000)
  eden space 220672K, 0% used [0x00000000f0000000,0x00000000f0000000,0x00000000fd780000)
  from space 20992K, 10% used [0x00000000feb80000,0x00000000feda1578,0x0000000100000000)
  to   space 20480K, 0% used [0x00000000fd780000,0x00000000fd780000,0x00000000feb80000)
 ParOldGen       total 524288K, used 312147K [0x00000000d0000000, 0x00000000f0000000, 0x00000000f0000000)
  object space 524288K, 59% used [0x00000000d0000000,0x00000000e30d4e88,0x00000000f0000000)
 PSPermGen       total 262144K, used 137576K [0x00000000c0000000, 0x00000000d0000000, 0x00000000d0000000)
  object space 262144K, 52% used [0x00000000c0000000,0x00000000c865a348,0x00000000d0000000)
}
Event: 56.010 GC heap before
{Heap before GC invocations=53 (full 0):
 PSYoungGen      total 241664K, used 222853K [0x00000000f0000000, 0x0000000100000000, 0x0000000100000000)
  eden space 220672K, 100% used [0x00000000f0000000,0x00000000fd780000,0x00000000fd780000)
  from space 20992K, 10% used [0x00000000feb80000,0x00000000feda1578,0x0000000100000000)
  to   space 20480K, 0% used [0x00000000fd780000,0x00000000fd780000,0x00000000feb80000)
 ParOldGen       total 524288K, used 312147K [0x00000000d0000000, 0x00000000f0000000, 0x00000000f0000000)
  object space 524288K, 59% used [0x00000000d0000000,0x00000000e30d4e88,0x00000000f0000000)
 PSPermGen       total 262144K, used 138097K [0x00000000c0000000, 0x00000000d0000000, 0x00000000d0000000)
  object space 262144K, 52% used [0x00000000c0000000,0x00000000c86dc668,0x00000000d0000000)
Event: 56.023 GC heap after
Heap after GC invocations=53 (full 0):
 PSYoungGen      total 241152K, used 2605K [0x00000000f0000000, 0x0000000100000000, 0x0000000100000000)
  eden space 220672K, 0% used [0x00000000f0000000,0x00000000f0000000,0x00000000fd780000)
  from space 20480K, 12% used [0x00000000fd780000,0x00000000fda0b588,0x00000000feb80000)
  to   space 19968K, 0% used [0x00000000fec80000,0x00000000fec80000,0x0000000100000000)
 ParOldGen       total 524288K, used 314153K [0x00000000d0000000, 0x00000000f0000000, 0x00000000f0000000)
  object space 524288K, 59% used [0x00000000d0000000,0x00000000e32ca790,0x00000000f0000000)
 PSPermGen       total 262144K, used 138097K [0x00000000c0000000, 0x00000000d0000000, 0x00000000d0000000)
  object space 262144K, 52% used [0x00000000c0000000,0x00000000c86dc668,0x00000000d0000000)
}
Event: 57.390 GC heap before
{Heap before GC invocations=54 (full 0):
 PSYoungGen      total 241152K, used 222725K [0x00000000f0000000, 0x0000000100000000, 0x0000000100000000)
  eden space 220672K, 99% used [0x00000000f0000000,0x00000000fd6f60e0,0x00000000fd780000)
  from space 20480K, 12% used [0x00000000fd780000,0x00000000fda0b588,0x00000000feb80000)
  to   space 19968K, 0% used [0x00000000fec80000,0x00000000fec80000,0x0000000100000000)
 ParOldGen       total 524288K, used 314153K [0x00000000d0000000, 0x00000000f0000000, 0x00000000f0000000)
  object space 524288K, 59% used [0x00000000d0000000,0x00000000e32ca790,0x00000000f0000000)
 PSPermGen       total 262144K, used 138718K [0x00000000c0000000, 0x00000000d0000000, 0x00000000d0000000)
  object space 262144K, 52% used [0x00000000c0000000,0x00000000c8777bd0,0x00000000d0000000)
Event: 57.428 GC heap after
Heap after GC invocations=54 (full 0):
 PSYoungGen      total 243200K, used 3285K [0x00000000f0000000, 0x0000000100000000, 0x0000000100000000)
  eden space 223232K, 0% used [0x00000000f0000000,0x00000000f0000000,0x00000000fda00000)
  from space 19968K, 16% used [0x00000000fec80000,0x00000000fefb5678,0x0000000100000000)
  to   space 18944K, 0% used [0x00000000fda00000,0x00000000fda00000,0x00000000fec80000)
 ParOldGen       total 524288K, used 316173K [0x00000000d0000000, 0x00000000f0000000, 0x00000000f0000000)
  object space 524288K, 60% used [0x00000000d0000000,0x00000000e34c3680,0x00000000f0000000)
 PSPermGen       total 262144K, used 138718K [0x00000000c0000000, 0x00000000d0000000, 0x00000000d0000000)
  object space 262144K, 52% used [0x00000000c0000000,0x00000000c8777bd0,0x00000000d0000000)
}
Event: 62.105 GC heap before
{Heap before GC invocations=55 (full 0):
 PSYoungGen      total 243200K, used 226517K [0x00000000f0000000, 0x0000000100000000, 0x0000000100000000)
  eden space 223232K, 100% used [0x00000000f0000000,0x00000000fda00000,0x00000000fda00000)
  from space 19968K, 16% used [0x00000000fec80000,0x00000000fefb5678,0x0000000100000000)
  to   space 18944K, 0% used [0x00000000fda00000,0x00000000fda00000,0x00000000fec80000)
 ParOldGen       total 524288K, used 316173K [0x00000000d0000000, 0x00000000f0000000, 0x00000000f0000000)
  object space 524288K, 60% used [0x00000000d0000000,0x00000000e34c3680,0x00000000f0000000)
 PSPermGen       total 262144K, used 139492K [0x00000000c0000000, 0x00000000d0000000, 0x00000000d0000000)
  object space 262144K, 53% used [0x00000000c0000000,0x00000000c8839160,0x00000000d0000000)
Event: 62.118 GC heap after
Heap after GC invocations=55 (full 0):
 PSYoungGen      total 242176K, used 4633K [0x00000000f0000000, 0x0000000100000000, 0x0000000100000000)
  eden space 223232K, 0% used [0x00000000f0000000,0x00000000f0000000,0x00000000fda00000)
  from space 18944K, 24% used [0x00000000fda00000,0x00000000fde86560,0x00000000fec80000)
  to   space 17920K, 0% used [0x00000000fee80000,0x00000000fee80000,0x0000000100000000)
 ParOldGen       total 524288K, used 319274K [0x00000000d0000000, 0x00000000f0000000, 0x00000000f0000000)
  object space 524288K, 60% used [0x00000000d0000000,0x00000000e37cabf8,0x00000000f0000000)
 PSPermGen       total 262144K, used 139492K [0x00000000c0000000, 0x00000000d0000000, 0x00000000d0000000)
  object space 262144K, 53% used [0x00000000c0000000,0x00000000c8839160,0x00000000d0000000)
}
Event: 72.387 GC heap before
{Heap before GC invocations=56 (full 0):
 PSYoungGen      total 242176K, used 227865K [0x00000000f0000000, 0x0000000100000000, 0x0000000100000000)
  eden space 223232K, 100% used [0x00000000f0000000,0x00000000fda00000,0x00000000fda00000)
  from space 18944K, 24% used [0x00000000fda00000,0x00000000fde86560,0x00000000fec80000)
  to   space 17920K, 0% used [0x00000000fee80000,0x00000000fee80000,0x0000000100000000)
 ParOldGen       total 524288K, used 319274K [0x00000000d0000000, 0x00000000f0000000, 0x00000000f0000000)
  object space 524288K, 60% used [0x00000000d0000000,0x00000000e37cabf8,0x00000000f0000000)
 PSPermGen       total 262144K, used 139879K [0x00000000c0000000, 0x00000000d0000000, 0x00000000d0000000)
  object space 262144K, 53% used [0x00000000c0000000,0x00000000c8899ce8,0x00000000d0000000)
Event: 72.403 GC heap after
Heap after GC invocations=56 (full 0):
 PSYoungGen      total 244224K, used 1433K [0x00000000f0000000, 0x0000000100000000, 0x0000000100000000)
  eden space 226304K, 0% used [0x00000000f0000000,0x00000000f0000000,0x00000000fdd00000)
  from space 17920K, 8% used [0x00000000fee80000,0x00000000fefe67e0,0x0000000100000000)
  to   space 17920K, 0% used [0x00000000fdd00000,0x00000000fdd00000,0x00000000fee80000)
 ParOldGen       total 524288K, used 323420K [0x00000000d0000000, 0x00000000f0000000, 0x00000000f0000000)
  object space 524288K, 61% used [0x00000000d0000000,0x00000000e3bd71e0,0x00000000f0000000)
 PSPermGen       total 262144K, used 139879K [0x00000000c0000000, 0x00000000d0000000, 0x00000000d0000000)
  object space 262144K, 53% used [0x00000000c0000000,0x00000000c8899ce8,0x00000000d0000000)
}

